<?xml version="1.0" encoding="UTF-8"?>
<testsuite name="uk.co.huntersix.spring.rest.controller.PersonControllerTest" tests="1" skipped="0" failures="0" errors="0" timestamp="2020-02-02T19:43:07" hostname="Mesuts-MacBook-Pro-2.local" time="0.097">
  <properties/>
  <testcase name="shouldReturnPersonFromService" classname="uk.co.huntersix.spring.rest.controller.PersonControllerTest" time="0.097"/>
  <system-out><![CDATA[2020-02-02 19:43:06.670  INFO 16592 --- [    Test worker] .b.t.a.w.s.WebMvcTestContextBootstrapper : Neither @ContextConfiguration nor @ContextHierarchy found for test class [uk.co.huntersix.spring.rest.controller.PersonControllerTest], using SpringBootContextLoader
2020-02-02 19:43:06.671  INFO 16592 --- [    Test worker] o.s.t.c.support.AbstractContextLoader    : Could not detect default resource locations for test class [uk.co.huntersix.spring.rest.controller.PersonControllerTest]: no resource found for suffixes {-context.xml, Context.groovy}.
2020-02-02 19:43:06.671  INFO 16592 --- [    Test worker] t.c.s.AnnotationConfigContextLoaderUtils : Could not detect default configuration classes for test class [uk.co.huntersix.spring.rest.controller.PersonControllerTest]: PersonControllerTest does not declare any static, non-private, non-final, nested classes annotated with @Configuration.
2020-02-02 19:43:06.697  INFO 16592 --- [    Test worker] .b.t.c.SpringBootTestContextBootstrapper : Found @SpringBootConfiguration uk.co.huntersix.spring.rest.Application for test class uk.co.huntersix.spring.rest.controller.PersonControllerTest
2020-02-02 19:43:06.697  INFO 16592 --- [    Test worker] .b.t.a.w.s.WebMvcTestContextBootstrapper : Loaded default TestExecutionListener class names from location [META-INF/spring.factories]: [org.springframework.boot.test.autoconfigure.restdocs.RestDocsTestExecutionListener, org.springframework.boot.test.autoconfigure.web.client.MockRestServiceServerResetTestExecutionListener, org.springframework.boot.test.autoconfigure.web.servlet.MockMvcPrintOnlyOnFailureTestExecutionListener, org.springframework.boot.test.autoconfigure.web.servlet.WebDriverTestExecutionListener, org.springframework.boot.test.mock.mockito.MockitoTestExecutionListener, org.springframework.boot.test.mock.mockito.ResetMocksTestExecutionListener, org.springframework.test.context.web.ServletTestExecutionListener, org.springframework.test.context.support.DirtiesContextBeforeModesTestExecutionListener, org.springframework.test.context.support.DependencyInjectionTestExecutionListener, org.springframework.test.context.support.DirtiesContextTestExecutionListener, org.springframework.test.context.transaction.TransactionalTestExecutionListener, org.springframework.test.context.jdbc.SqlScriptsTestExecutionListener]
2020-02-02 19:43:06.699  INFO 16592 --- [    Test worker] .b.t.a.w.s.WebMvcTestContextBootstrapper : Using TestExecutionListeners: [org.springframework.test.context.web.ServletTestExecutionListener@77278c92, org.springframework.test.context.support.DirtiesContextBeforeModesTestExecutionListener@381d1021, org.springframework.boot.test.mock.mockito.MockitoTestExecutionListener@61f10f4e, org.springframework.boot.test.autoconfigure.SpringBootDependencyInjectionTestExecutionListener@5056b0c7, org.springframework.test.context.support.DirtiesContextTestExecutionListener@1b5ee543, org.springframework.boot.test.autoconfigure.restdocs.RestDocsTestExecutionListener@4b926211, org.springframework.boot.test.autoconfigure.web.client.MockRestServiceServerResetTestExecutionListener@22709f52, org.springframework.boot.test.autoconfigure.web.servlet.MockMvcPrintOnlyOnFailureTestExecutionListener@4745c353, org.springframework.boot.test.autoconfigure.web.servlet.WebDriverTestExecutionListener@2bdd5205, org.springframework.boot.test.mock.mockito.ResetMocksTestExecutionListener@73873f85]

  .   ____          _            __ _ _
 /\\ / ___'_ __ _ _(_)_ __  __ _ \ \ \ \
( ( )\___ | '_ | '_| | '_ \/ _` | \ \ \ \
 \\/  ___)| |_)| | | | | || (_| |  ) ) ) )
  '  |____| .__|_| |_|_| |_\__, | / / / /
 =========|_|==============|___/=/_/_/_/
 :: Spring Boot ::        (v2.1.6.RELEASE)

2020-02-02 19:43:06.720  INFO 16592 --- [    Test worker] u.c.h.s.r.c.PersonControllerTest         : Starting PersonControllerTest on Mesuts-MacBook-Pro-2.local with PID 16592 (started by mesutcang in /Users/mesutcang/cop/java-spring-restful-api-test)
2020-02-02 19:43:06.721  INFO 16592 --- [    Test worker] u.c.h.s.r.c.PersonControllerTest         : No active profile set, falling back to default profiles: default
2020-02-02 19:43:07.411  INFO 16592 --- [    Test worker] o.s.s.concurrent.ThreadPoolTaskExecutor  : Initializing ExecutorService 'applicationTaskExecutor'
2020-02-02 19:43:07.535  INFO 16592 --- [    Test worker] o.s.b.t.m.w.SpringBootMockServletContext : Initializing Spring TestDispatcherServlet ''
2020-02-02 19:43:07.535  INFO 16592 --- [    Test worker] o.s.t.web.servlet.TestDispatcherServlet  : Initializing Servlet ''
2020-02-02 19:43:07.541  INFO 16592 --- [    Test worker] o.s.t.web.servlet.TestDispatcherServlet  : Completed initialization in 6 ms
2020-02-02 19:43:07.559  INFO 16592 --- [    Test worker] u.c.h.s.r.c.PersonControllerTest         : Started PersonControllerTest in 0.858 seconds (JVM running for 5.744)

MockHttpServletRequest:
      HTTP Method = GET
      Request URI = /person/smith/mary
       Parameters = {}
          Headers = []
             Body = <no character encoding set>
    Session Attrs = {}

Handler:
             Type = uk.co.huntersix.spring.rest.controller.PersonController
           Method = public uk.co.huntersix.spring.rest.model.Person uk.co.huntersix.spring.rest.controller.PersonController.person(java.lang.String,java.lang.String)

Async:
    Async started = false
     Async result = null

Resolved Exception:
             Type = null

ModelAndView:
        View name = null
             View = null
            Model = null

FlashMap:
       Attributes = null

MockHttpServletResponse:
           Status = 200
    Error message = null
          Headers = [Content-Type:"application/json;charset=UTF-8"]
     Content type = application/json;charset=UTF-8
             Body = {"id":4,"firstName":"Mary","lastName":"Smith"}
    Forwarded URL = null
   Redirected URL = null
          Cookies = []
]]></system-out>
  <system-err><![CDATA[]]></system-err>
</testsuite>
