<?xml version="1.0" encoding="UTF-8"?>
<testsuite name="uk.co.huntersix.spring.rest.controller.HttpRequestTest" tests="1" skipped="0" failures="0" errors="0" timestamp="2020-02-02T19:43:06" hostname="Mesuts-MacBook-Pro-2.local" time="0.32">
  <properties/>
  <testcase name="shouldReturnPersonDetails" classname="uk.co.huntersix.spring.rest.controller.HttpRequestTest" time="0.32"/>
  <system-out><![CDATA[2020-02-02 19:43:05.262  INFO 16592 --- [    Test worker] .b.t.c.SpringBootTestContextBootstrapper : Neither @ContextConfiguration nor @ContextHierarchy found for test class [uk.co.huntersix.spring.rest.controller.HttpRequestTest], using SpringBootContextLoader
2020-02-02 19:43:05.263  INFO 16592 --- [    Test worker] o.s.t.c.support.AbstractContextLoader    : Could not detect default resource locations for test class [uk.co.huntersix.spring.rest.controller.HttpRequestTest]: no resource found for suffixes {-context.xml, Context.groovy}.
2020-02-02 19:43:05.264  INFO 16592 --- [    Test worker] t.c.s.AnnotationConfigContextLoaderUtils : Could not detect default configuration classes for test class [uk.co.huntersix.spring.rest.controller.HttpRequestTest]: HttpRequestTest does not declare any static, non-private, non-final, nested classes annotated with @Configuration.
2020-02-02 19:43:05.274  INFO 16592 --- [    Test worker] .b.t.c.SpringBootTestContextBootstrapper : Found @SpringBootConfiguration uk.co.huntersix.spring.rest.Application for test class uk.co.huntersix.spring.rest.controller.HttpRequestTest
2020-02-02 19:43:05.275  INFO 16592 --- [    Test worker] .b.t.c.SpringBootTestContextBootstrapper : Loaded default TestExecutionListener class names from location [META-INF/spring.factories]: [org.springframework.boot.test.autoconfigure.restdocs.RestDocsTestExecutionListener, org.springframework.boot.test.autoconfigure.web.client.MockRestServiceServerResetTestExecutionListener, org.springframework.boot.test.autoconfigure.web.servlet.MockMvcPrintOnlyOnFailureTestExecutionListener, org.springframework.boot.test.autoconfigure.web.servlet.WebDriverTestExecutionListener, org.springframework.boot.test.mock.mockito.MockitoTestExecutionListener, org.springframework.boot.test.mock.mockito.ResetMocksTestExecutionListener, org.springframework.test.context.web.ServletTestExecutionListener, org.springframework.test.context.support.DirtiesContextBeforeModesTestExecutionListener, org.springframework.test.context.support.DependencyInjectionTestExecutionListener, org.springframework.test.context.support.DirtiesContextTestExecutionListener, org.springframework.test.context.transaction.TransactionalTestExecutionListener, org.springframework.test.context.jdbc.SqlScriptsTestExecutionListener]
2020-02-02 19:43:05.276  INFO 16592 --- [    Test worker] .b.t.c.SpringBootTestContextBootstrapper : Using TestExecutionListeners: [org.springframework.test.context.web.ServletTestExecutionListener@79d8d260, org.springframework.test.context.support.DirtiesContextBeforeModesTestExecutionListener@38790468, org.springframework.boot.test.mock.mockito.MockitoTestExecutionListener@2a71c1f0, org.springframework.boot.test.autoconfigure.SpringBootDependencyInjectionTestExecutionListener@b7f0f4d, org.springframework.test.context.support.DirtiesContextTestExecutionListener@348b8790, org.springframework.boot.test.autoconfigure.restdocs.RestDocsTestExecutionListener@44a19f2d, org.springframework.boot.test.autoconfigure.web.client.MockRestServiceServerResetTestExecutionListener@607ba808, org.springframework.boot.test.autoconfigure.web.servlet.MockMvcPrintOnlyOnFailureTestExecutionListener@130dd62d, org.springframework.boot.test.autoconfigure.web.servlet.WebDriverTestExecutionListener@7bd274db, org.springframework.boot.test.mock.mockito.ResetMocksTestExecutionListener@33c2c47b]

  .   ____          _            __ _ _
 /\\ / ___'_ __ _ _(_)_ __  __ _ \ \ \ \
( ( )\___ | '_ | '_| | '_ \/ _` | \ \ \ \
 \\/  ___)| |_)| | | | | || (_| |  ) ) ) )
  '  |____| .__|_| |_|_| |_\__, | / / / /
 =========|_|==============|___/=/_/_/_/
 :: Spring Boot ::        (v2.1.6.RELEASE)

2020-02-02 19:43:05.362  INFO 16592 --- [    Test worker] u.c.h.s.rest.controller.HttpRequestTest  : Starting HttpRequestTest on Mesuts-MacBook-Pro-2.local with PID 16592 (started by mesutcang in /Users/mesutcang/cop/java-spring-restful-api-test)
2020-02-02 19:43:05.363  INFO 16592 --- [    Test worker] u.c.h.s.rest.controller.HttpRequestTest  : No active profile set, falling back to default profiles: default
2020-02-02 19:43:05.746  INFO 16592 --- [    Test worker] o.s.b.w.embedded.tomcat.TomcatWebServer  : Tomcat initialized with port(s): 0 (http)
2020-02-02 19:43:05.778  INFO 16592 --- [    Test worker] o.apache.catalina.core.StandardService   : Starting service [Tomcat]
2020-02-02 19:43:05.779  INFO 16592 --- [    Test worker] org.apache.catalina.core.StandardEngine  : Starting Servlet engine: [Apache Tomcat/9.0.21]
2020-02-02 19:43:05.899  INFO 16592 --- [    Test worker] o.a.c.c.C.[Tomcat].[localhost].[/]       : Initializing Spring embedded WebApplicationContext
2020-02-02 19:43:05.900  INFO 16592 --- [    Test worker] o.s.web.context.ContextLoader            : Root WebApplicationContext: initialization completed in 534 ms
2020-02-02 19:43:06.166  INFO 16592 --- [    Test worker] o.s.s.concurrent.ThreadPoolTaskExecutor  : Initializing ExecutorService 'applicationTaskExecutor'
2020-02-02 19:43:06.321  INFO 16592 --- [    Test worker] o.s.b.w.embedded.tomcat.TomcatWebServer  : Tomcat started on port(s): 49686 (http) with context path ''
2020-02-02 19:43:06.323  INFO 16592 --- [    Test worker] u.c.h.s.rest.controller.HttpRequestTest  : Started HttpRequestTest in 1.045 seconds (JVM running for 4.507)
2020-02-02 19:43:06.457  INFO 16592 --- [o-auto-1-exec-1] o.a.c.c.C.[Tomcat].[localhost].[/]       : Initializing Spring DispatcherServlet 'dispatcherServlet'
2020-02-02 19:43:06.458  INFO 16592 --- [o-auto-1-exec-1] o.s.web.servlet.DispatcherServlet        : Initializing Servlet 'dispatcherServlet'
2020-02-02 19:43:06.484  INFO 16592 --- [o-auto-1-exec-1] o.s.web.servlet.DispatcherServlet        : Completed initialization in 26 ms
]]></system-out>
  <system-err><![CDATA[]]></system-err>
</testsuite>
