<?xml version="1.0" encoding="UTF-8"?>
<testsuite name="uk.co.huntersix.spring.rest.controller.SmokeTest" tests="1" skipped="0" failures="0" errors="0" timestamp="2020-02-02T19:43:06" hostname="Mesuts-MacBook-Pro-2.local" time="0.003">
  <properties/>
  <testcase name="contexLoads" classname="uk.co.huntersix.spring.rest.controller.SmokeTest" time="0.003"/>
  <system-out><![CDATA[2020-02-02 19:43:06.650  INFO 16592 --- [    Test worker] .b.t.c.SpringBootTestContextBootstrapper : Neither @ContextConfiguration nor @ContextHierarchy found for test class [uk.co.huntersix.spring.rest.controller.SmokeTest], using SpringBootContextLoader
2020-02-02 19:43:06.651  INFO 16592 --- [    Test worker] o.s.t.c.support.AbstractContextLoader    : Could not detect default resource locations for test class [uk.co.huntersix.spring.rest.controller.SmokeTest]: no resource found for suffixes {-context.xml, Context.groovy}.
2020-02-02 19:43:06.652  INFO 16592 --- [    Test worker] t.c.s.AnnotationConfigContextLoaderUtils : Could not detect default configuration classes for test class [uk.co.huntersix.spring.rest.controller.SmokeTest]: SmokeTest does not declare any static, non-private, non-final, nested classes annotated with @Configuration.
2020-02-02 19:43:06.653  INFO 16592 --- [    Test worker] .b.t.c.SpringBootTestContextBootstrapper : Found @SpringBootConfiguration uk.co.huntersix.spring.rest.Application for test class uk.co.huntersix.spring.rest.controller.SmokeTest
2020-02-02 19:43:06.656  INFO 16592 --- [    Test worker] .b.t.c.SpringBootTestContextBootstrapper : Loaded default TestExecutionListener class names from location [META-INF/spring.factories]: [org.springframework.boot.test.autoconfigure.restdocs.RestDocsTestExecutionListener, org.springframework.boot.test.autoconfigure.web.client.MockRestServiceServerResetTestExecutionListener, org.springframework.boot.test.autoconfigure.web.servlet.MockMvcPrintOnlyOnFailureTestExecutionListener, org.springframework.boot.test.autoconfigure.web.servlet.WebDriverTestExecutionListener, org.springframework.boot.test.mock.mockito.MockitoTestExecutionListener, org.springframework.boot.test.mock.mockito.ResetMocksTestExecutionListener, org.springframework.test.context.web.ServletTestExecutionListener, org.springframework.test.context.support.DirtiesContextBeforeModesTestExecutionListener, org.springframework.test.context.support.DependencyInjectionTestExecutionListener, org.springframework.test.context.support.DirtiesContextTestExecutionListener, org.springframework.test.context.transaction.TransactionalTestExecutionListener, org.springframework.test.context.jdbc.SqlScriptsTestExecutionListener]
2020-02-02 19:43:06.658  INFO 16592 --- [    Test worker] .b.t.c.SpringBootTestContextBootstrapper : Using TestExecutionListeners: [org.springframework.test.context.web.ServletTestExecutionListener@44056d06, org.springframework.test.context.support.DirtiesContextBeforeModesTestExecutionListener@50995434, org.springframework.boot.test.mock.mockito.MockitoTestExecutionListener@446e5f90, org.springframework.boot.test.autoconfigure.SpringBootDependencyInjectionTestExecutionListener@71b41d4b, org.springframework.test.context.support.DirtiesContextTestExecutionListener@1eb63326, org.springframework.boot.test.autoconfigure.restdocs.RestDocsTestExecutionListener@494ec30, org.springframework.boot.test.autoconfigure.web.client.MockRestServiceServerResetTestExecutionListener@3230b1ed, org.springframework.boot.test.autoconfigure.web.servlet.MockMvcPrintOnlyOnFailureTestExecutionListener@633fbca5, org.springframework.boot.test.autoconfigure.web.servlet.WebDriverTestExecutionListener@4c3f8ce7, org.springframework.boot.test.mock.mockito.ResetMocksTestExecutionListener@6fe90c3c]
]]></system-out>
  <system-err><![CDATA[]]></system-err>
</testsuite>
